<?xml version="1.0" encoding="UTF-8"?>
<!-- Generated by org.testng.reporters.JUnitXMLReporter -->
<testsuite ignored="1" hostname="DESKTOP-VKUUCE7" failures="0" tests="6" name="Test" time="12.296" errors="0" timestamp="2022-03-17T00:41:09 IST">
  <testcase classname="RestTesting.E_Commerce" name="Login" time="5.98"/>
  <testcase classname="RestTesting.E_Commerce" name="getallusers" time="2.73"/>
  <testcase classname="RestTesting.E_Commerce" name="delete" time="1.557"/>
  <testcase classname="RestTesting.Trello" name="createBoard" time="0.689"/>
  <testcase classname="RestTesting.Trello" name="getBoard" time="0.547"/>
  <testcase classname="RestTesting.Trello" name="DeleteBoard" time="0.743"/>
  <testcase classname="RestTesting.E_Commerce" name="signup" time="0.0">
    <ignored/>
  </testcase> <!-- signup -->
</testsuite> <!-- Test -->
