<?xml version="1.0" encoding="UTF-8"?>
<testng-results ignored="0" total="2" passed="2" failed="0" skipped="0">
  <reporter-output>
  </reporter-output>
  <suite started-at="2022-03-16T23:03:33 IST" name="Default suite" finished-at="2022-03-16T23:03:48 IST" duration-ms="14842">
    <groups>
    </groups>
    <test started-at="2022-03-16T23:03:33 IST" name="Default test" finished-at="2022-03-16T23:03:48 IST" duration-ms="14842">
      <class name="RestTesting.E_Commerce">
        <test-method signature="signup()[pri:0, instance:RestTesting.E_Commerce@272ed83b]" started-at="2022-03-16T23:03:33 IST" name="signup" finished-at="2022-03-16T23:03:44 IST" duration-ms="10286" status="PASS">
          <reporter-output>
          </reporter-output>
        </test-method> <!-- signup -->
        <test-method signature="Login()[pri:1, instance:RestTesting.E_Commerce@272ed83b]" started-at="2022-03-16T23:03:44 IST" name="Login" finished-at="2022-03-16T23:03:48 IST" duration-ms="4511" status="PASS">
          <reporter-output>
          </reporter-output>
        </test-method> <!-- Login -->
      </class> <!-- RestTesting.E_Commerce -->
    </test> <!-- Default test -->
  </suite> <!-- Default suite -->
</testng-results>
