<?xml version="1.0" encoding="UTF-8"?>
<!-- Generated by org.testng.reporters.JUnitXMLReporter -->
<testsuite ignored="1" hostname="DESKTOP-VKUUCE7" failures="0" tests="3" name="Default test" time="9.979" errors="0" timestamp="2022-03-17T00:30:27 IST">
  <testcase classname="RestTesting.E_Commerce" name="Login" time="5.734"/>
  <testcase classname="RestTesting.E_Commerce" name="getallusers" time="2.595"/>
  <testcase classname="RestTesting.E_Commerce" name="delete" time="1.614"/>
  <testcase classname="RestTesting.E_Commerce" name="signup" time="0.0">
    <ignored/>
  </testcase> <!-- signup -->
</testsuite> <!-- Default test -->
